[16:17:10] [ServerMain/INFO]: Environment: authHost='https://authserver.mojang.com', accountsHost='https://api.mojang.com', sessionHost='https://sessionserver.mojang.com', servicesHost='https://api.minecraftservices.com', name='PROD'
[16:17:11] [ServerMain/INFO]: Loaded 7 recipes
[16:17:11] [ServerMain/INFO]: Loaded 1271 advancements
[16:17:12] [Server thread/INFO]: Starting minecraft server version 1.20.1
[16:17:12] [Server thread/INFO]: Loading properties
[16:17:12] [Server thread/INFO]: Default game type: SURVIVAL
[16:17:12] [Server thread/INFO]: Generating keypair
[16:17:12] [Server thread/INFO]: Starting Minecraft server on *:25565
[16:17:12] [Server thread/INFO]: Using epoll channel type
[16:17:12] [Server thread/WARN]: **** SERVER IS RUNNING IN OFFLINE/INSECURE MODE!
[16:17:12] [Server thread/WARN]: The server will make no attempt to authenticate usernames. Beware.
[16:17:12] [Server thread/WARN]: While this makes the game possible to play without internet access, it also opens up the ability for hackers to connect with any username they choose.
[16:17:12] [Server thread/WARN]: To change this, set "online-mode" to "true" in the server.properties file.
[16:17:12] [Server thread/INFO]: Preparing level "world"
[16:17:18] [Server thread/INFO]: Preparing start region for dimension minecraft:overworld
[16:17:18] [Worker-Main-3/INFO]: Preparing spawn area: 0%
[16:17:18] [Worker-Main-2/INFO]: Preparing spawn area: 0%
[16:17:19] [Worker-Main-2/INFO]: Preparing spawn area: 0%
[16:17:19] [Worker-Main-2/INFO]: Preparing spawn area: 0%
[16:17:20] [Worker-Main-2/INFO]: Preparing spawn area: 0%
[16:17:20] [Worker-Main-3/INFO]: Preparing spawn area: 1%
[16:17:21] [Worker-Main-3/INFO]: Preparing spawn area: 1%
[16:17:21] [Worker-Main-2/INFO]: Preparing spawn area: 1%
[16:17:22] [Worker-Main-2/INFO]: Preparing spawn area: 3%
[16:17:22] [Worker-Main-3/INFO]: Preparing spawn area: 4%
[16:17:23] [Worker-Main-2/INFO]: Preparing spawn area: 5%
[16:17:23] [Worker-Main-1/INFO]: Preparing spawn area: 5%
[16:17:24] [Worker-Main-2/INFO]: Preparing spawn area: 6%
[16:17:24] [Worker-Main-2/INFO]: Preparing spawn area: 7%
[16:17:25] [Worker-Main-2/INFO]: Preparing spawn area: 9%
[16:17:25] [Worker-Main-2/INFO]: Preparing spawn area: 9%
[16:17:26] [Worker-Main-2/INFO]: Preparing spawn area: 12%
[16:17:26] [Worker-Main-3/INFO]: Preparing spawn area: 13%
[16:17:27] [Worker-Main-3/INFO]: Preparing spawn area: 15%
[16:17:27] [Worker-Main-3/INFO]: Preparing spawn area: 16%
[16:17:28] [Worker-Main-2/INFO]: Preparing spawn area: 17%
[16:17:28] [Worker-Main-2/INFO]: Preparing spawn area: 20%
[16:17:29] [Worker-Main-1/INFO]: Preparing spawn area: 22%
[16:17:29] [Worker-Main-2/INFO]: Preparing spawn area: 23%
[16:17:30] [Worker-Main-2/INFO]: Preparing spawn area: 25%
[16:17:30] [Worker-Main-2/INFO]: Preparing spawn area: 28%
[16:17:31] [Worker-Main-1/INFO]: Preparing spawn area: 30%
[16:17:31] [Worker-Main-2/INFO]: Preparing spawn area: 31%
[16:17:32] [Worker-Main-1/INFO]: Preparing spawn area: 33%
[16:17:32] [Worker-Main-3/INFO]: Preparing spawn area: 34%
[16:17:33] [Worker-Main-3/INFO]: Preparing spawn area: 37%
[16:17:33] [Worker-Main-1/INFO]: Preparing spawn area: 40%
[16:17:34] [Worker-Main-1/INFO]: Preparing spawn area: 42%
[16:17:34] [Worker-Main-1/INFO]: Preparing spawn area: 43%
[16:17:35] [Worker-Main-1/INFO]: Preparing spawn area: 44%
[16:17:35] [Worker-Main-1/INFO]: Preparing spawn area: 47%
[16:17:36] [Worker-Main-1/INFO]: Preparing spawn area: 50%
[16:17:36] [Worker-Main-2/INFO]: Preparing spawn area: 53%
[16:17:37] [Worker-Main-2/INFO]: Preparing spawn area: 54%
[16:17:37] [Worker-Main-2/INFO]: Preparing spawn area: 55%
[16:17:38] [Worker-Main-1/INFO]: Preparing spawn area: 58%
[16:17:38] [Worker-Main-2/INFO]: Preparing spawn area: 60%
[16:17:39] [Worker-Main-3/INFO]: Preparing spawn area: 63%
[16:17:39] [Worker-Main-2/INFO]: Preparing spawn area: 66%
[16:17:40] [Worker-Main-3/INFO]: Preparing spawn area: 69%
[16:17:40] [Worker-Main-3/INFO]: Preparing spawn area: 71%
[16:17:41] [Worker-Main-2/INFO]: Preparing spawn area: 73%
[16:17:41] [Worker-Main-2/INFO]: Preparing spawn area: 77%
[16:17:42] [Worker-Main-3/INFO]: Preparing spawn area: 80%
[16:17:42] [Worker-Main-3/INFO]: Preparing spawn area: 83%
[16:17:43] [Worker-Main-2/INFO]: Preparing spawn area: 85%
[16:17:43] [Worker-Main-2/INFO]: Preparing spawn area: 88%
[16:17:44] [Worker-Main-1/INFO]: Preparing spawn area: 91%
[16:17:44] [Worker-Main-3/INFO]: Preparing spawn area: 94%
[16:17:45] [Worker-Main-2/INFO]: Preparing spawn area: 97%
[16:17:45] [Server thread/INFO]: Time elapsed: 27282 ms
[16:17:45] [Server thread/INFO]: Done (32.882s)! For help, type "help"
[16:19:02] [Server thread/INFO]: Tupamaro69[/127.250.129.1:45191] logged in with entity id 179 at (-9.5, 79.0, 106.5)
[16:19:02] [Server thread/INFO]: Tupamaro69 joined the game
[16:21:06] [Server thread/INFO]: Tupamaro69 has made the advancement [Stone Age]
[16:21:12] [Server thread/INFO]: Tupamaro69 has made the advancement [Getting an Upgrade]
[16:22:34] [Server thread/INFO]: Tupamaro69 lost connection: Disconnected
[16:22:34] [Server thread/INFO]: Tupamaro69 left the game
